2025-09-07 03:07:09 | ERROR | Missing 'temperature' column in row: {'timestamp': '2025-09-07 22:30:00', 'package_id': 'PKG1162', 'status': 'In Transit'}
2025-09-07 03:07:09 | ERROR | Missing 'temperature' column in row: {'timestamp': '2025-09-07 22:35:00', 'package_id': 'PKG1163', 'status': 'Shipped'}
2025-09-07 03:07:09 | ERROR | Missing 'temperature' column in row: {'timestamp': '2025-09-07 22:40:00', 'package_id': 'PKG1164', 'status': 'Cancelled'}
2025-09-07 03:07:09 | ERROR | Missing 'temperature' column in row: {'timestamp': '2025-09-07 22:45:00', 'package_id': 'PKG1165', 'status': 'Cancelled'}
2025-09-07 03:07:09 | ERROR | Missing 'temperature' column in row: {'timestamp': '2025-09-07 22:50:00', 'package_id': 'PKG1166', 'status': 'Shipped'}
2025-09-07 03:07:09 | ERROR | Missing 'temperature' column in row: {'timestamp': '2025-09-07 22:55:00', 'package_id': 'PKG1167', 'status': 'Shipped'}
2025-09-07 03:07:09 | ERROR | Missing 'temperature' column in row: {'timestamp': '2025-09-07 23:00:00', 'package_id': 'PKG1168', 'status': 'Pending'}
2025-09-07 03:07:09 | ERROR | Missing 'temperature' column in row: {'timestamp': '2025-09-07 23:05:00', 'package_id': 'PKG1169', 'status': 'Shipped'}
2025-09-07 03:07:09 | ERROR | Missing 'temperature' column in row: {'timestamp': '2025-09-07 23:10:00', 'package_id': 'PKG1170', 'status': 'Shipped'}
2025-09-07 03:07:09 | ERROR | Missing 'temperature' column in row: {'timestamp': '2025-09-07 23:15:00', 'package_id': 'PKG1171', 'status': 'In Transit'}
2025-09-07 03:07:09 | ERROR | Missing 'temperature' column in row: {'timestamp': '2025-09-07 23:20:00', 'package_id': 'PKG1172', 'status': 'Cancelled'}
2025-09-07 03:07:09 | ERROR | Missing 'temperature' column in row: {'timestamp': '2025-09-07 23:25:00', 'package_id': 'PKG1173', 'status': 'Cancelled'}
2025-09-07 03:07:09 | ERROR | Missing 'temperature' column in row: {'timestamp': '2025-09-07 23:30:00', 'package_id': 'PKG1174', 'status': 'Delivered'}
2025-09-07 03:07:09 | ERROR | Missing 'temperature' column in row: {'timestamp': '2025-09-07 23:35:00', 'package_id': 'PKG1175', 'status': 'In Transit'}
2025-09-07 03:07:09 | ERROR | Missing 'temperature' column in row: {'timestamp': '2025-09-07 23:40:00', 'package_id': 'PKG1176', 'status': 'Cancelled'}
2025-09-07 03:07:09 | ERROR | Missing 'temperature' column in row: {'timestamp': '2025-09-07 23:45:00', 'package_id': 'PKG1177', 'status': 'Shipped'}
2025-09-07 03:07:09 | ERROR | Missing 'temperature' column in row: {'timestamp': '2025-09-07 23:50:00', 'package_id': 'PKG1178', 'status': 'Delivered'}
2025-09-07 03:07:09 | ERROR | Missing 'temperature' column in row: {'timestamp': '2025-09-07 23:55:00', 'package_id': 'PKG1179', 'status': 'Pending'}
2025-09-07 03:07:09 | ERROR | Missing 'temperature' column in row: {'timestamp': '2025-09-08 00:00:00', 'package_id': 'PKG1180', 'status': 'In Transit'}
2025-09-07 03:07:09 | ERROR | Missing 'temperature' column in row: {'timestamp': '2025-09-08 00:05:00', 'package_id': 'PKG1181', 'status': 'In Transit'}
2025-09-07 03:07:09 | ERROR | Missing 'temperature' column in row: {'timestamp': '2025-09-08 00:10:00', 'package_id': 'PKG1182', 'status': 'In Transit'}
2025-09-07 03:07:09 | ERROR | Missing 'temperature' column in row: {'timestamp': '2025-09-08 00:15:00', 'package_id': 'PKG1183', 'status': 'Delivered'}
2025-09-07 03:07:09 | ERROR | Missing 'temperature' column in row: {'timestamp': '2025-09-08 00:20:00', 'package_id': 'PKG1184', 'status': 'In Transit'}
2025-09-07 03:07:09 | ERROR | Missing 'temperature' column in row: {'timestamp': '2025-09-08 00:25:00', 'package_id': 'PKG1185', 'status': 'Pending'}
2025-09-07 03:07:09 | ERROR | Missing 'temperature' column in row: {'timestamp': '2025-09-08 00:30:00', 'package_id': 'PKG1186', 'status': 'Delivered'}
2025-09-07 03:07:09 | ERROR | Missing 'temperature' column in row: {'timestamp': '2025-09-08 00:35:00', 'package_id': 'PKG1187', 'status': 'Shipped'}
2025-09-07 03:07:09 | ERROR | Missing 'temperature' column in row: {'timestamp': '2025-09-08 00:40:00', 'package_id': 'PKG1188', 'status': 'Pending'}
2025-09-07 03:07:09 | ERROR | Missing 'temperature' column in row: {'timestamp': '2025-09-08 00:45:00', 'package_id': 'PKG1189', 'status': 'Shipped'}
2025-09-07 03:07:09 | ERROR | Missing 'temperature' column in row: {'timestamp': '2025-09-08 00:50:00', 'package_id': 'PKG1190', 'status': 'Cancelled'}
2025-09-07 03:07:09 | ERROR | Missing 'temperature' column in row: {'timestamp': '2025-09-08 00:55:00', 'package_id': 'PKG1191', 'status': 'Pending'}
2025-09-07 03:07:09 | ERROR | Missing 'temperature' column in row: {'timestamp': '2025-09-08 01:00:00', 'package_id': 'PKG1192', 'status': 'Delivered'}
2025-09-07 03:07:09 | ERROR | Missing 'temperature' column in row: {'timestamp': '2025-09-08 01:05:00', 'package_id': 'PKG1193', 'status': 'Delivered'}
2025-09-07 03:07:09 | ERROR | Missing 'temperature' column in row: {'timestamp': '2025-09-08 01:10:00', 'package_id': 'PKG1194', 'status': 'Delivered'}
2025-09-07 03:07:09 | ERROR | Missing 'temperature' column in row: {'timestamp': '2025-09-08 01:15:00', 'package_id': 'PKG1195', 'status': 'Delivered'}
2025-09-07 03:07:09 | ERROR | Missing 'temperature' column in row: {'timestamp': '2025-09-08 01:20:00', 'package_id': 'PKG1196', 'status': 'Shipped'}
2025-09-07 03:07:09 | ERROR | Missing 'temperature' column in row: {'timestamp': '2025-09-08 01:25:00', 'package_id': 'PKG1197', 'status': 'Delivered'}
2025-09-07 03:07:09 | ERROR | Missing 'temperature' column in row: {'timestamp': '2025-09-08 01:30:00', 'package_id': 'PKG1198', 'status': 'Cancelled'}
2025-09-07 03:07:09 | ERROR | Missing 'temperature' column in row: {'timestamp': '2025-09-08 01:35:00', 'package_id': 'PKG1199', 'status': 'In Transit'}
2025-09-07 03:07:09 | INFO | [Karto CSV Producer] Opening data file: C:/Users/USER/Downloads/44-671 Streaming Data/Week-3/buzzline-03-karto/data/custom_delivery_status.csv
2025-09-07 03:07:09 | INFO | [Karto CSV Producer] Reading data from file: C:/Users/USER/Downloads/44-671 Streaming Data/Week-3/buzzline-03-karto/data/custom_delivery_status.csv
2025-09-07 03:07:09 | ERROR | Missing 'temperature' column in row: {'timestamp': '2025-09-07 09:00:00', 'package_id': 'PKG1000', 'status': 'Cancelled'}
2025-09-07 03:07:09 | ERROR | Missing 'temperature' column in row: {'timestamp': '2025-09-07 09:05:00', 'package_id': 'PKG1001', 'status': 'In Transit'}
2025-09-07 03:07:09 | ERROR | Missing 'temperature' column in row: {'timestamp': '2025-09-07 09:10:00', 'package_id': 'PKG1002', 'status': 'Shipped'}
2025-09-07 03:07:09 | ERROR | Missing 'temperature' column in row: {'timestamp': '2025-09-07 09:15:00', 'package_id': 'PKG1003', 'status': 'Pending'}
2025-09-07 03:07:09 | ERROR | Missing 'temperature' column in row: {'timestamp': '2025-09-07 09:20:00', 'package_id': 'PKG1004', 'status': 'Delivered'}
2025-09-07 03:07:09 | ERROR | Missing 'temperature' column in row: {'timestamp': '2025-09-07 09:25:00', 'package_id': 'PKG1005', 'status': 'Delivered'}
2025-09-07 03:07:09 | ERROR | Missing 'temperature' column in row: {'timestamp': '2025-09-07 09:30:00', 'package_id': 'PKG1006', 'status': 'Pending'}
2025-09-07 03:07:09 | ERROR | Missing 'temperature' column in row: {'timestamp': '2025-09-07 09:35:00', 'package_id': 'PKG1007', 'status': 'Cancelled'}
2025-09-07 03:07:09 | ERROR | Missing 'temperature' column in row: {'timestamp': '2025-09-07 09:40:00', 'package_id': 'PKG1008', 'status': 'Pending'}
2025-09-07 03:07:09 | ERROR | Missing 'temperature' column in row: {'timestamp': '2025-09-07 09:45:00', 'package_id': 'PKG1009', 'status': 'In Transit'}
2025-09-07 03:07:09 | ERROR | Missing 'temperature' column in row: {'timestamp': '2025-09-07 09:50:00', 'package_id': 'PKG1010', 'status': 'Pending'}
2025-09-07 03:07:09 | ERROR | Missing 'temperature' column in row: {'timestamp': '2025-09-07 09:55:00', 'package_id': 'PKG1011', 'status': 'Cancelled'}
2025-09-07 03:07:09 | ERROR | Missing 'temperature' column in row: {'timestamp': '2025-09-07 10:00:00', 'package_id': 'PKG1012', 'status': 'In Transit'}
2025-09-07 03:07:09 | ERROR | Missing 'temperature' column in row: {'timestamp': '2025-09-07 10:05:00', 'package_id': 'PKG1013', 'status': 'Cancelled'}
2025-09-07 03:07:09 | ERROR | Missing 'temperature' column in row: {'timestamp': '2025-09-07 10:10:00', 'package_id': 'PKG1014', 'status': 'Shipped'}
2025-09-07 03:07:09 | ERROR | Missing 'temperature' column in row: {'timestamp': '2025-09-07 10:15:00', 'package_id': 'PKG1015', 'status': 'Shipped'}
2025-09-07 03:07:09 | ERROR | Missing 'temperature' column in row: {'timestamp': '2025-09-07 10:20:00', 'package_id': 'PKG1016', 'status': 'In Transit'}
2025-09-07 03:07:09 | ERROR | Missing 'temperature' column in row: {'timestamp': '2025-09-07 10:25:00', 'package_id': 'PKG1017', 'status': 'Cancelled'}
2025-09-07 03:07:09 | ERROR | Missing 'temperature' column in row: {'timestamp': '2025-09-07 10:30:00', 'package_id': 'PKG1018', 'status': 'Shipped'}
2025-09-07 03:07:09 | ERROR | Missing 'temperature' column in row: {'timestamp': '2025-09-07 10:35:00', 'package_id': 'PKG1019', 'status': 'Shipped'}
2025-09-07 03:07:09 | ERROR | Missing 'temperature' column in row: {'timestamp': '2025-09-07 10:40:00', 'package_id': 'PKG1020', 'status': 'Cancelled'}
2025-09-07 03:07:09 | ERROR | Missing 'temperature' column in row: {'timestamp': '2025-09-07 10:45:00', 'package_id': 'PKG1021', 'status': 'Cancelled'}
2025-09-07 03:07:09 | ERROR | Missing 'temperature' column in row: {'timestamp': '2025-09-07 10:50:00', 'package_id': 'PKG1022', 'status': 'Shipped'}
2025-09-07 03:07:09 | ERROR | Missing 'temperature' column in row: {'timestamp': '2025-09-07 10:55:00', 'package_id': 'PKG1023', 'status': 'Cancelled'}
2025-09-07 03:07:09 | ERROR | Missing 'temperature' column in row: {'timestamp': '2025-09-07 11:00:00', 'package_id': 'PKG1024', 'status': 'Pending'}
2025-09-07 03:07:09 | ERROR | Missing 'temperature' column in row: {'timestamp': '2025-09-07 11:05:00', 'package_id': 'PKG1025', 'status': 'Pending'}
2025-09-07 03:07:09 | ERROR | Missing 'temperature' column in row: {'timestamp': '2025-09-07 11:10:00', 'package_id': 'PKG1026', 'status': 'Pending'}
2025-09-07 03:07:09 | ERROR | Missing 'temperature' column in row: {'timestamp': '2025-09-07 11:15:00', 'package_id': 'PKG1027', 'status': 'Pending'}
2025-09-07 03:07:09 | ERROR | Missing 'temperature' column in row: {'timestamp': '2025-09-07 11:20:00', 'package_id': 'PKG1028', 'status': 'Pending'}
2025-09-07 03:07:09 | ERROR | Missing 'temperature' column in row: {'timestamp': '2025-09-07 11:25:00', 'package_id': 'PKG1029', 'status': 'Cancelled'}
2025-09-07 03:07:09 | ERROR | Missing 'temperature' column in row: {'timestamp': '2025-09-07 11:30:00', 'package_id': 'PKG1030', 'status': 'Shipped'}
2025-09-07 03:07:09 | ERROR | Missing 'temperature' column in row: {'timestamp': '2025-09-07 11:35:00', 'package_id': 'PKG1031', 'status': 'Delivered'}
2025-09-07 03:07:09 | ERROR | Missing 'temperature' column in row: {'timestamp': '2025-09-07 11:40:00', 'package_id': 'PKG1032', 'status': 'Delivered'}
2025-09-07 03:07:09 | ERROR | Missing 'temperature' column in row: {'timestamp': '2025-09-07 11:45:00', 'package_id': 'PKG1033', 'status': 'Shipped'}
2025-09-07 03:07:09 | ERROR | Missing 'temperature' column in row: {'timestamp': '2025-09-07 11:50:00', 'package_id': 'PKG1034', 'status': 'Pending'}
2025-09-07 03:07:09 | ERROR | Missing 'temperature' column in row: {'timestamp': '2025-09-07 11:55:00', 'package_id': 'PKG1035', 'status': 'Delivered'}
2025-09-07 03:07:09 | ERROR | Missing 'temperature' column in row: {'timestamp': '2025-09-07 12:00:00', 'package_id': 'PKG1036', 'status': 'In Transit'}
2025-09-07 03:07:09 | ERROR | Missing 'temperature' column in row: {'timestamp': '2025-09-07 12:05:00', 'package_id': 'PKG1037', 'status': 'Pending'}
2025-09-07 03:07:09 | ERROR | Missing 'temperature' column in row: {'timestamp': '2025-09-07 12:10:00', 'package_id': 'PKG1038', 'status': 'In Transit'}
2025-09-07 03:07:09 | ERROR | Missing 'temperature' column in row: {'timestamp': '2025-09-07 12:15:00', 'package_id': 'PKG1039', 'status': 'Pending'}
2025-09-07 03:07:09 | ERROR | Missing 'temperature' column in row: {'timestamp': '2025-09-07 12:20:00', 'package_id': 'PKG1040', 'status': 'Cancelled'}
2025-09-07 03:07:09 | ERROR | Missing 'temperature' column in row: {'timestamp': '2025-09-07 12:25:00', 'package_id': 'PKG1041', 'status': 'Cancelled'}
2025-09-07 03:07:09 | ERROR | Missing 'temperature' column in row: {'timestamp': '2025-09-07 12:30:00', 'package_id': 'PKG1042', 'status': 'Pending'}
2025-09-07 03:07:09 | ERROR | Missing 'temperature' column in row: {'timestamp': '2025-09-07 12:35:00', 'package_id': 'PKG1043', 'status': 'In Transit'}
2025-09-07 03:07:09 | ERROR | Missing 'temperature' column in row: {'timestamp': '2025-09-07 12:40:00', 'package_id': 'PKG1044', 'status': 'Delivered'}
2025-09-07 03:07:09 | ERROR | Missing 'temperature' column in row: {'timestamp': '2025-09-07 12:45:00', 'package_id': 'PKG1045', 'status': 'Shipped'}
2025-09-07 03:07:09 | ERROR | Missing 'temperature' column in row: {'timestamp': '2025-09-07 12:50:00', 'package_id': 'PKG1046', 'status': 'Pending'}
2025-09-07 03:07:09 | ERROR | Missing 'temperature' column in row: {'timestamp': '2025-09-07 12:55:00', 'package_id': 'PKG1047', 'status': 'Pending'}
2025-09-07 03:07:09 | ERROR | Missing 'temperature' column in row: {'timestamp': '2025-09-07 13:00:00', 'package_id': 'PKG1048', 'status': 'In Transit'}
2025-09-07 03:07:09 | ERROR | Missing 'temperature' column in row: {'timestamp': '2025-09-07 13:05:00', 'package_id': 'PKG1049', 'status': 'Delivered'}
2025-09-07 03:07:09 | ERROR | Missing 'temperature' column in row: {'timestamp': '2025-09-07 13:10:00', 'package_id': 'PKG1050', 'status': 'Cancelled'}
2025-09-07 03:07:09 | ERROR | Missing 'temperature' column in row: {'timestamp': '2025-09-07 13:15:00', 'package_id': 'PKG1051', 'status': 'Delivered'}
2025-09-07 03:07:09 | ERROR | Missing 'temperature' column in row: {'timestamp': '2025-09-07 13:20:00', 'package_id': 'PKG1052', 'status': 'Pending'}
2025-09-07 03:07:09 | ERROR | Missing 'temperature' column in row: {'timestamp': '2025-09-07 13:25:00', 'package_id': 'PKG1053', 'status': 'Shipped'}
2025-09-07 03:07:09 | ERROR | Missing 'temperature' column in row: {'timestamp': '2025-09-07 13:30:00', 'package_id': 'PKG1054', 'status': 'In Transit'}
2025-09-07 03:07:09 | ERROR | Missing 'temperature' column in row: {'timestamp': '2025-09-07 13:35:00', 'package_id': 'PKG1055', 'status': 'Delivered'}
2025-09-07 03:07:09 | ERROR | Missing 'temperature' column in row: {'timestamp': '2025-09-07 13:40:00', 'package_id': 'PKG1056', 'status': 'In Transit'}
2025-09-07 03:07:09 | ERROR | Missing 'temperature' column in row: {'timestamp': '2025-09-07 13:45:00', 'package_id': 'PKG1057', 'status': 'Shipped'}
2025-09-07 03:07:09 | ERROR | Missing 'temperature' column in row: {'timestamp': '2025-09-07 13:50:00', 'package_id': 'PKG1058', 'status': 'Cancelled'}
2025-09-07 03:07:09 | ERROR | Missing 'temperature' column in row: {'timestamp': '2025-09-07 13:55:00', 'package_id': 'PKG1059', 'status': 'Delivered'}
2025-09-07 03:07:09 | ERROR | Missing 'temperature' column in row: {'timestamp': '2025-09-07 14:00:00', 'package_id': 'PKG1060', 'status': 'Delivered'}
2025-09-07 03:07:09 | ERROR | Missing 'temperature' column in row: {'timestamp': '2025-09-07 14:05:00', 'package_id': 'PKG1061', 'status': 'Pending'}
2025-09-07 03:07:09 | ERROR | Missing 'temperature' column in row: {'timestamp': '2025-09-07 14:10:00', 'package_id': 'PKG1062', 'status': 'In Transit'}
2025-09-07 03:07:09 | ERROR | Missing 'temperature' column in row: {'timestamp': '2025-09-07 14:15:00', 'package_id': 'PKG1063', 'status': 'Cancelled'}
2025-09-07 03:07:09 | ERROR | Missing 'temperature' column in row: {'timestamp': '2025-09-07 14:20:00', 'package_id': 'PKG1064', 'status': 'Cancelled'}
2025-09-07 03:07:09 | ERROR | Missing 'temperature' column in row: {'timestamp': '2025-09-07 14:25:00', 'package_id': 'PKG1065', 'status': 'Shipped'}
2025-09-07 03:07:09 | ERROR | Missing 'temperature' column in row: {'timestamp': '2025-09-07 14:30:00', 'package_id': 'PKG1066', 'status': 'Delivered'}
2025-09-07 03:07:09 | ERROR | Missing 'temperature' column in row: {'timestamp': '2025-09-07 14:35:00', 'package_id': 'PKG1067', 'status': 'In Transit'}
2025-09-07 03:07:09 | ERROR | Missing 'temperature' column in row: {'timestamp': '2025-09-07 14:40:00', 'package_id': 'PKG1068', 'status': 'Cancelled'}
2025-09-07 03:07:09 | ERROR | Missing 'temperature' column in row: {'timestamp': '2025-09-07 14:45:00', 'package_id': 'PKG1069', 'status': 'In Transit'}
2025-09-07 03:07:09 | ERROR | Missing 'temperature' column in row: {'timestamp': '2025-09-07 14:50:00', 'package_id': 'PKG1070', 'status': 'Shipped'}
2025-09-07 03:07:09 | ERROR | Missing 'temperature' column in row: {'timestamp': '2025-09-07 14:55:00', 'package_id': 'PKG1071', 'status': 'Shipped'}
2025-09-07 03:07:09 | ERROR | Missing 'temperature' column in row: {'timestamp': '2025-09-07 15:00:00', 'package_id': 'PKG1072', 'status': 'Shipped'}
2025-09-07 03:07:09 | ERROR | Missing 'temperature' column in row: {'timestamp': '2025-09-07 15:05:00', 'package_id': 'PKG1073', 'status': 'Shipped'}
2025-09-07 03:07:09 | ERROR | Missing 'temperature' column in row: {'timestamp': '2025-09-07 15:10:00', 'package_id': 'PKG1074', 'status': 'Shipped'}
2025-09-07 03:07:09 | ERROR | Missing 'temperature' column in row: {'timestamp': '2025-09-07 15:15:00', 'package_id': 'PKG1075', 'status': 'Delivered'}
2025-09-07 03:07:09 | ERROR | Missing 'temperature' column in row: {'timestamp': '2025-09-07 15:20:00', 'package_id': 'PKG1076', 'status': 'Cancelled'}
2025-09-07 03:07:09 | ERROR | Missing 'temperature' column in row: {'timestamp': '2025-09-07 15:25:00', 'package_id': 'PKG1077', 'status': 'Delivered'}
2025-09-07 03:07:09 | ERROR | Missing 'temperature' column in row: {'timestamp': '2025-09-07 15:30:00', 'package_id': 'PKG1078', 'status': 'Shipped'}
2025-09-07 03:07:09 | ERROR | Missing 'temperature' column in row: {'timestamp': '2025-09-07 15:35:00', 'package_id': 'PKG1079', 'status': 'Shipped'}
2025-09-07 03:07:09 | ERROR | Missing 'temperature' column in row: {'timestamp': '2025-09-07 15:40:00', 'package_id': 'PKG1080', 'status': 'Cancelled'}
2025-09-07 03:07:09 | ERROR | Missing 'temperature' column in row: {'timestamp': '2025-09-07 15:45:00', 'package_id': 'PKG1081', 'status': 'Cancelled'}
2025-09-07 03:07:09 | ERROR | Missing 'temperature' column in row: {'timestamp': '2025-09-07 15:50:00', 'package_id': 'PKG1082', 'status': 'Pending'}
2025-09-07 03:07:09 | ERROR | Missing 'temperature' column in row: {'timestamp': '2025-09-07 15:55:00', 'package_id': 'PKG1083', 'status': 'Delivered'}
2025-09-07 03:07:09 | ERROR | Missing 'temperature' column in row: {'timestamp': '2025-09-07 16:00:00', 'package_id': 'PKG1084', 'status': 'In Transit'}
2025-09-07 03:07:09 | ERROR | Missing 'temperature' column in row: {'timestamp': '2025-09-07 16:05:00', 'package_id': 'PKG1085', 'status': 'In Transit'}
2025-09-07 03:07:09 | ERROR | Missing 'temperature' column in row: {'timestamp': '2025-09-07 16:10:00', 'package_id': 'PKG1086', 'status': 'In Transit'}
2025-09-07 03:07:09 | ERROR | Missing 'temperature' column in row: {'timestamp': '2025-09-07 16:15:00', 'package_id': 'PKG1087', 'status': 'Delivered'}
2025-09-07 03:07:09 | ERROR | Missing 'temperature' column in row: {'timestamp': '2025-09-07 16:20:00', 'package_id': 'PKG1088', 'status': 'Cancelled'}
2025-09-07 03:07:09 | ERROR | Missing 'temperature' column in row: {'timestamp': '2025-09-07 16:25:00', 'package_id': 'PKG1089', 'status': 'In Transit'}
2025-09-07 03:07:09 | ERROR | Missing 'temperature' column in row: {'timestamp': '2025-09-07 16:30:00', 'package_id': 'PKG1090', 'status': 'Cancelled'}
2025-09-07 03:07:09 | ERROR | Missing 'temperature' column in row: {'timestamp': '2025-09-07 16:35:00', 'package_id': 'PKG1091', 'status': 'Shipped'}
2025-09-07 03:07:09 | ERROR | Missing 'temperature' column in row: {'timestamp': '2025-09-07 16:40:00', 'package_id': 'PKG1092', 'status': 'Shipped'}
2025-09-07 03:07:09 | ERROR | Missing 'temperature' column in row: {'timestamp': '2025-09-07 16:45:00', 'package_id': 'PKG1093', 'status': 'Cancelled'}
2025-09-07 03:07:09 | ERROR | Missing 'temperature' column in row: {'timestamp': '2025-09-07 16:50:00', 'package_id': 'PKG1094', 'status': 'Cancelled'}
2025-09-07 03:07:09 | ERROR | Missing 'temperature' column in row: {'timestamp': '2025-09-07 16:55:00', 'package_id': 'PKG1095', 'status': 'Cancelled'}
2025-09-07 03:07:09 | ERROR | Missing 'temperature' column in row: {'timestamp': '2025-09-07 17:00:00', 'package_id': 'PKG1096', 'status': 'In Transit'}
2025-09-07 03:07:09 | ERROR | Missing 'temperature' column in row: {'timestamp': '2025-09-07 17:05:00', 'package_id': 'PKG1097', 'status': 'Pending'}
2025-09-07 03:07:09 | ERROR | Missing 'temperature' column in row: {'timestamp': '2025-09-07 17:10:00', 'package_id': 'PKG1098', 'status': 'Shipped'}
2025-09-07 03:07:09 | ERROR | Missing 'temperature' column in row: {'timestamp': '2025-09-07 17:15:00', 'package_id': 'PKG1099', 'status': 'In Transit'}
2025-09-07 03:07:09 | ERROR | Missing 'temperature' column in row: {'timestamp': '2025-09-07 17:20:00', 'package_id': 'PKG1100', 'status': 'Cancelled'}
2025-09-07 03:07:09 | ERROR | Missing 'temperature' column in row: {'timestamp': '2025-09-07 17:25:00', 'package_id': 'PKG1101', 'status': 'Cancelled'}
2025-09-07 03:07:09 | ERROR | Missing 'temperature' column in row: {'timestamp': '2025-09-07 17:30:00', 'package_id': 'PKG1102', 'status': 'Delivered'}
2025-09-07 03:07:09 | ERROR | Missing 'temperature' column in row: {'timestamp': '2025-09-07 17:35:00', 'package_id': 'PKG1103', 'status': 'In Transit'}
2025-09-07 03:07:09 | ERROR | Missing 'temperature' column in row: {'timestamp': '2025-09-07 17:40:00', 'package_id': 'PKG1104', 'status': 'Shipped'}
2025-09-07 03:07:09 | ERROR | Missing 'temperature' column in row: {'timestamp': '2025-09-07 17:45:00', 'package_id': 'PKG1105', 'status': 'Pending'}
2025-09-07 03:07:09 | ERROR | Missing 'temperature' column in row: {'timestamp': '2025-09-07 17:50:00', 'package_id': 'PKG1106', 'status': 'Pending'}
2025-09-07 03:07:09 | ERROR | Missing 'temperature' column in row: {'timestamp': '2025-09-07 17:55:00', 'package_id': 'PKG1107', 'status': 'Delivered'}
2025-09-07 03:07:09 | ERROR | Missing 'temperature' column in row: {'timestamp': '2025-09-07 18:00:00', 'package_id': 'PKG1108', 'status': 'Cancelled'}
2025-09-07 03:07:09 | ERROR | Missing 'temperature' column in row: {'timestamp': '2025-09-07 18:05:00', 'package_id': 'PKG1109', 'status': 'Delivered'}
2025-09-07 03:07:09 | ERROR | Missing 'temperature' column in row: {'timestamp': '2025-09-07 18:10:00', 'package_id': 'PKG1110', 'status': 'Delivered'}
2025-09-07 03:07:09 | ERROR | Missing 'temperature' column in row: {'timestamp': '2025-09-07 18:15:00', 'package_id': 'PKG1111', 'status': 'Shipped'}
2025-09-07 03:07:09 | ERROR | Missing 'temperature' column in row: {'timestamp': '2025-09-07 18:20:00', 'package_id': 'PKG1112', 'status': 'In Transit'}
2025-09-07 03:07:09 | ERROR | Missing 'temperature' column in row: {'timestamp': '2025-09-07 18:25:00', 'package_id': 'PKG1113', 'status': 'In Transit'}
2025-09-07 03:07:09 | ERROR | Missing 'temperature' column in row: {'timestamp': '2025-09-07 18:30:00', 'package_id': 'PKG1114', 'status': 'Cancelled'}
2025-09-07 03:07:09 | ERROR | Missing 'temperature' column in row: {'timestamp': '2025-09-07 18:35:00', 'package_id': 'PKG1115', 'status': 'Pending'}
2025-09-07 03:07:09 | ERROR | Missing 'temperature' column in row: {'timestamp': '2025-09-07 18:40:00', 'package_id': 'PKG1116', 'status': 'Cancelled'}
2025-09-07 03:07:09 | ERROR | Missing 'temperature' column in row: {'timestamp': '2025-09-07 18:45:00', 'package_id': 'PKG1117', 'status': 'Delivered'}
2025-09-07 03:07:09 | ERROR | Missing 'temperature' column in row: {'timestamp': '2025-09-07 18:50:00', 'package_id': 'PKG1118', 'status': 'Pending'}
2025-09-07 03:07:09 | ERROR | Missing 'temperature' column in row: {'timestamp': '2025-09-07 18:55:00', 'package_id': 'PKG1119', 'status': 'Delivered'}
2025-09-07 03:07:09 | ERROR | Missing 'temperature' column in row: {'timestamp': '2025-09-07 19:00:00', 'package_id': 'PKG1120', 'status': 'Shipped'}
2025-09-07 03:07:09 | ERROR | Missing 'temperature' column in row: {'timestamp': '2025-09-07 19:05:00', 'package_id': 'PKG1121', 'status': 'Cancelled'}
2025-09-07 03:07:09 | ERROR | Missing 'temperature' column in row: {'timestamp': '2025-09-07 19:10:00', 'package_id': 'PKG1122', 'status': 'Pending'}
2025-09-07 03:07:09 | ERROR | Missing 'temperature' column in row: {'timestamp': '2025-09-07 19:15:00', 'package_id': 'PKG1123', 'status': 'Cancelled'}
2025-09-07 03:07:09 | ERROR | Missing 'temperature' column in row: {'timestamp': '2025-09-07 19:20:00', 'package_id': 'PKG1124', 'status': 'Cancelled'}
2025-09-07 03:07:09 | ERROR | Missing 'temperature' column in row: {'timestamp': '2025-09-07 19:25:00', 'package_id': 'PKG1125', 'status': 'Shipped'}
2025-09-07 03:07:09 | ERROR | Missing 'temperature' column in row: {'timestamp': '2025-09-07 19:30:00', 'package_id': 'PKG1126', 'status': 'Delivered'}
2025-09-07 03:07:09 | ERROR | Missing 'temperature' column in row: {'timestamp': '2025-09-07 19:35:00', 'package_id': 'PKG1127', 'status': 'Cancelled'}
2025-09-07 03:07:09 | ERROR | Missing 'temperature' column in row: {'timestamp': '2025-09-07 19:40:00', 'package_id': 'PKG1128', 'status': 'Pending'}
2025-09-07 03:07:09 | ERROR | Missing 'temperature' column in row: {'timestamp': '2025-09-07 19:45:00', 'package_id': 'PKG1129', 'status': 'Delivered'}
2025-09-07 03:07:09 | ERROR | Missing 'temperature' column in row: {'timestamp': '2025-09-07 19:50:00', 'package_id': 'PKG1130', 'status': 'Cancelled'}
2025-09-07 03:07:09 | ERROR | Missing 'temperature' column in row: {'timestamp': '2025-09-07 19:55:00', 'package_id': 'PKG1131', 'status': 'Cancelled'}
2025-09-07 03:07:09 | ERROR | Missing 'temperature' column in row: {'timestamp': '2025-09-07 20:00:00', 'package_id': 'PKG1132', 'status': 'Delivered'}
2025-09-07 03:07:09 | ERROR | Missing 'temperature' column in row: {'timestamp': '2025-09-07 20:05:00', 'package_id': 'PKG1133', 'status': 'Shipped'}
2025-09-07 03:07:09 | ERROR | Missing 'temperature' column in row: {'timestamp': '2025-09-07 20:10:00', 'package_id': 'PKG1134', 'status': 'Shipped'}
2025-09-07 03:07:09 | ERROR | Missing 'temperature' column in row: {'timestamp': '2025-09-07 20:15:00', 'package_id': 'PKG1135', 'status': 'Pending'}
2025-09-07 03:07:09 | ERROR | Missing 'temperature' column in row: {'timestamp': '2025-09-07 20:20:00', 'package_id': 'PKG1136', 'status': 'Delivered'}
2025-09-07 03:07:09 | ERROR | Missing 'temperature' column in row: {'timestamp': '2025-09-07 20:25:00', 'package_id': 'PKG1137', 'status': 'Cancelled'}
2025-09-07 03:07:09 | ERROR | Missing 'temperature' column in row: {'timestamp': '2025-09-07 20:30:00', 'package_id': 'PKG1138', 'status': 'In Transit'}
2025-09-07 03:07:09 | ERROR | Missing 'temperature' column in row: {'timestamp': '2025-09-07 20:35:00', 'package_id': 'PKG1139', 'status': 'Delivered'}
2025-09-07 03:07:09 | ERROR | Missing 'temperature' column in row: {'timestamp': '2025-09-07 20:40:00', 'package_id': 'PKG1140', 'status': 'In Transit'}
2025-09-07 03:07:09 | ERROR | Missing 'temperature' column in row: {'timestamp': '2025-09-07 20:45:00', 'package_id': 'PKG1141', 'status': 'Shipped'}
2025-09-07 03:07:09 | ERROR | Missing 'temperature' column in row: {'timestamp': '2025-09-07 20:50:00', 'package_id': 'PKG1142', 'status': 'In Transit'}
2025-09-07 03:07:09 | ERROR | Missing 'temperature' column in row: {'timestamp': '2025-09-07 20:55:00', 'package_id': 'PKG1143', 'status': 'Cancelled'}
2025-09-07 03:07:09 | ERROR | Missing 'temperature' column in row: {'timestamp': '2025-09-07 21:00:00', 'package_id': 'PKG1144', 'status': 'Cancelled'}
2025-09-07 03:07:09 | ERROR | Missing 'temperature' column in row: {'timestamp': '2025-09-07 21:05:00', 'package_id': 'PKG1145', 'status': 'Delivered'}
2025-09-07 03:07:09 | ERROR | Missing 'temperature' column in row: {'timestamp': '2025-09-07 21:10:00', 'package_id': 'PKG1146', 'status': 'Pending'}
2025-09-07 03:07:09 | ERROR | Missing 'temperature' column in row: {'timestamp': '2025-09-07 21:15:00', 'package_id': 'PKG1147', 'status': 'Pending'}
2025-09-07 03:07:09 | ERROR | Missing 'temperature' column in row: {'timestamp': '2025-09-07 21:20:00', 'package_id': 'PKG1148', 'status': 'Delivered'}
2025-09-07 03:07:09 | ERROR | Missing 'temperature' column in row: {'timestamp': '2025-09-07 21:25:00', 'package_id': 'PKG1149', 'status': 'Shipped'}
2025-09-07 03:07:09 | ERROR | Missing 'temperature' column in row: {'timestamp': '2025-09-07 21:30:00', 'package_id': 'PKG1150', 'status': 'Delivered'}
2025-09-07 03:07:09 | ERROR | Missing 'temperature' column in row: {'timestamp': '2025-09-07 21:35:00', 'package_id': 'PKG1151', 'status': 'In Transit'}
2025-09-07 03:07:09 | ERROR | Missing 'temperature' column in row: {'timestamp': '2025-09-07 21:40:00', 'package_id': 'PKG1152', 'status': 'Pending'}
2025-09-07 03:07:09 | ERROR | Missing 'temperature' column in row: {'timestamp': '2025-09-07 21:45:00', 'package_id': 'PKG1153', 'status': 'Delivered'}
2025-09-07 03:07:09 | ERROR | Missing 'temperature' column in row: {'timestamp': '2025-09-07 21:50:00', 'package_id': 'PKG1154', 'status': 'In Transit'}
2025-09-07 03:07:09 | ERROR | Missing 'temperature' column in row: {'timestamp': '2025-09-07 21:55:00', 'package_id': 'PKG1155', 'status': 'Pending'}
2025-09-07 03:07:09 | ERROR | Missing 'temperature' column in row: {'timestamp': '2025-09-07 22:00:00', 'package_id': 'PKG1156', 'status': 'In Transit'}
2025-09-07 03:07:09 | ERROR | Missing 'temperature' column in row: {'timestamp': '2025-09-07 22:05:00', 'package_id': 'PKG1157', 'status': 'Shipped'}
2025-09-07 03:07:09 | ERROR | Missing 'temperature' column in row: {'timestamp': '2025-09-07 22:10:00', 'package_id': 'PKG1158', 'status': 'Delivered'}
2025-09-07 03:07:09 | ERROR | Missing 'temperature' column in row: {'timestamp': '2025-09-07 22:15:00', 'package_id': 'PKG1159', 'status': 'In Transit'}
2025-09-07 03:07:09 | ERROR | Missing 'temperature' column in row: {'timestamp': '2025-09-07 22:20:00', 'package_id': 'PKG1160', 'status': 'Shipped'}
2025-09-07 03:07:09 | ERROR | Missing 'temperature' column in row: {'timestamp': '2025-09-07 22:25:00', 'package_id': 'PKG1161', 'status': 'Cancelled'}
2025-09-07 03:07:09 | ERROR | Missing 'temperature' column in row: {'timestamp': '2025-09-07 22:30:00', 'package_id': 'PKG1162', 'status': 'In Transit'}
2025-09-07 03:07:09 | ERROR | Missing 'temperature' column in row: {'timestamp': '2025-09-07 22:35:00', 'package_id': 'PKG1163', 'status': 'Shipped'}
2025-09-07 03:07:09 | ERROR | Missing 'temperature' column in row: {'timestamp': '2025-09-07 22:40:00', 'package_id': 'PKG1164', 'status': 'Cancelled'}
2025-09-07 03:07:09 | ERROR | Missing 'temperature' column in row: {'timestamp': '2025-09-07 22:45:00', 'package_id': 'PKG1165', 'status': 'Cancelled'}
2025-09-07 03:07:09 | ERROR | Missing 'temperature' column in row: {'timestamp': '2025-09-07 22:50:00', 'package_id': 'PKG1166', 'status': 'Shipped'}
2025-09-07 03:07:09 | ERROR | Missing 'temperature' column in row: {'timestamp': '2025-09-07 22:55:00', 'package_id': 'PKG1167', 'status': 'Shipped'}
2025-09-07 03:07:09 | ERROR | Missing 'temperature' column in row: {'timestamp': '2025-09-07 23:00:00', 'package_id': 'PKG1168', 'status': 'Pending'}
2025-09-07 03:07:09 | ERROR | Missing 'temperature' column in row: {'timestamp': '2025-09-07 23:05:00', 'package_id': 'PKG1169', 'status': 'Shipped'}
2025-09-07 03:07:09 | ERROR | Missing 'temperature' column in row: {'timestamp': '2025-09-07 23:10:00', 'package_id': 'PKG1170', 'status': 'Shipped'}
2025-09-07 03:07:09 | ERROR | Missing 'temperature' column in row: {'timestamp': '2025-09-07 23:15:00', 'package_id': 'PKG1171', 'status': 'In Transit'}
2025-09-07 03:07:09 | ERROR | Missing 'temperature' column in row: {'timestamp': '2025-09-07 23:20:00', 'package_id': 'PKG1172', 'status': 'Cancelled'}
2025-09-07 03:07:09 | ERROR | Missing 'temperature' column in row: {'timestamp': '2025-09-07 23:25:00', 'package_id': 'PKG1173', 'status': 'Cancelled'}
2025-09-07 03:07:09 | ERROR | Missing 'temperature' column in row: {'timestamp': '2025-09-07 23:30:00', 'package_id': 'PKG1174', 'status': 'Delivered'}
2025-09-07 03:07:09 | ERROR | Missing 'temperature' column in row: {'timestamp': '2025-09-07 23:35:00', 'package_id': 'PKG1175', 'status': 'In Transit'}
2025-09-07 03:07:09 | ERROR | Missing 'temperature' column in row: {'timestamp': '2025-09-07 23:40:00', 'package_id': 'PKG1176', 'status': 'Cancelled'}
2025-09-07 03:07:09 | ERROR | Missing 'temperature' column in row: {'timestamp': '2025-09-07 23:45:00', 'package_id': 'PKG1177', 'status': 'Shipped'}
2025-09-07 03:07:09 | ERROR | Missing 'temperature' column in row: {'timestamp': '2025-09-07 23:50:00', 'package_id': 'PKG1178', 'status': 'Delivered'}
2025-09-07 03:07:09 | ERROR | Missing 'temperature' column in row: {'timestamp': '2025-09-07 23:55:00', 'package_id': 'PKG1179', 'status': 'Pending'}
2025-09-07 03:07:09 | ERROR | Missing 'temperature' column in row: {'timestamp': '2025-09-08 00:00:00', 'package_id': 'PKG1180', 'status': 'In Transit'}
2025-09-07 03:07:09 | ERROR | Missing 'temperature' column in row: {'timestamp': '2025-09-08 00:05:00', 'package_id': 'PKG1181', 'status': 'In Transit'}
2025-09-07 03:07:09 | ERROR | Missing 'temperature' column in row: {'timestamp': '2025-09-08 00:10:00', 'package_id': 'PKG1182', 'status': 'In Transit'}
2025-09-07 03:07:09 | ERROR | Missing 'temperature' column in row: {'timestamp': '2025-09-08 00:15:00', 'package_id': 'PKG1183', 'status': 'Delivered'}
2025-09-07 03:07:09 | ERROR | Missing 'temperature' column in row: {'timestamp': '2025-09-08 00:20:00', 'package_id': 'PKG1184', 'status': 'In Transit'}
2025-09-07 03:07:09 | ERROR | Missing 'temperature' column in row: {'timestamp': '2025-09-08 00:25:00', 'package_id': 'PKG1185', 'status': 'Pending'}
2025-09-07 03:07:09 | ERROR | Missing 'temperature' column in row: {'timestamp': '2025-09-08 00:30:00', 'package_id': 'PKG1186', 'status': 'Delivered'}
2025-09-07 03:07:09 | ERROR | Missing 'temperature' column in row: {'timestamp': '2025-09-08 00:35:00', 'package_id': 'PKG1187', 'status': 'Shipped'}
2025-09-07 03:07:09 | ERROR | Missing 'temperature' column in row: {'timestamp': '2025-09-08 00:40:00', 'package_id': 'PKG1188', 'status': 'Pending'}
2025-09-07 03:07:09 | ERROR | Missing 'temperature' column in row: {'timestamp': '2025-09-08 00:45:00', 'package_id': 'PKG1189', 'status': 'Shipped'}
2025-09-07 03:07:09 | ERROR | Missing 'temperature' column in row: {'timestamp': '2025-09-08 00:50:00', 'package_id': 'PKG1190', 'status': 'Cancelled'}
2025-09-07 03:07:09 | ERROR | Missing 'temperature' column in row: {'timestamp': '2025-09-08 00:55:00', 'package_id': 'PKG1191', 'status': 'Pending'}
2025-09-07 03:07:09 | ERROR | Missing 'temperature' column in row: {'timestamp': '2025-09-08 01:00:00', 'package_id': 'PKG1192', 'status': 'Delivered'}
2025-09-07 03:07:09 | ERROR | Missing 'temperature' column in row: {'timestamp': '2025-09-08 01:05:00', 'package_id': 'PKG1193', 'status': 'Delivered'}
2025-09-07 03:07:09 | ERROR | Missing 'temperature' column in row: {'timestamp': '2025-09-08 01:10:00', 'package_id': 'PKG1194', 'status': 'Delivered'}
2025-09-07 03:07:09 | ERROR | Missing 'temperature' column in row: {'timestamp': '2025-09-08 01:15:00', 'package_id': 'PKG1195', 'status': 'Delivered'}
2025-09-07 03:07:09 | ERROR | Missing 'temperature' column in row: {'timestamp': '2025-09-08 01:20:00', 'package_id': 'PKG1196', 'status': 'Shipped'}
2025-09-07 03:07:09 | ERROR | Missing 'temperature' column in row: {'timestamp': '2025-09-08 01:25:00', 'package_id': 'PKG1197', 'status': 'Delivered'}
2025-09-07 03:07:09 | ERROR | Missing 'temperature' column in row: {'timestamp': '2025-09-08 01:30:00', 'package_id': 'PKG1198', 'status': 'Cancelled'}
2025-09-07 03:07:09 | ERROR | Missing 'temperature' column in row: {'timestamp': '2025-09-08 01:35:00', 'package_id': 'PKG1199', 'status': 'In Transit'}
2025-09-07 03:07:09 | INFO | [Karto CSV Producer] Opening data file: C:/Users/USER/Downloads/44-671 Streaming Data/Week-3/buzzline-03-karto/data/custom_delivery_status.csv
2025-09-07 03:07:09 | INFO | [Karto CSV Producer] Reading data from file: C:/Users/USER/Downloads/44-671 Streaming Data/Week-3/buzzline-03-karto/data/custom_delivery_status.csv
2025-09-07 03:07:09 | ERROR | Missing 'temperature' column in row: {'timestamp': '2025-09-07 09:00:00', 'package_id': 'PKG1000', 'status': 'Cancelled'}
2025-09-07 03:07:09 | ERROR | Missing 'temperature' column in row: {'timestamp': '2025-09-07 09:05:00', 'package_id': 'PKG1001', 'status': 'In Transit'}
2025-09-07 03:07:09 | ERROR | Missing 'temperature' column in row: {'timestamp': '2025-09-07 09:10:00', 'package_id': 'PKG1002', 'status': 'Shipped'}
2025-09-07 03:07:09 | ERROR | Missing 'temperature' column in row: {'timestamp': '2025-09-07 09:15:00', 'package_id': 'PKG1003', 'status': 'Pending'}
2025-09-07 03:07:09 | ERROR | Missing 'temperature' column in row: {'timestamp': '2025-09-07 09:20:00', 'package_id': 'PKG1004', 'status': 'Delivered'}
2025-09-07 03:07:09 | ERROR | Missing 'temperature' column in row: {'timestamp': '2025-09-07 09:25:00', 'package_id': 'PKG1005', 'status': 'Delivered'}
2025-09-07 03:07:09 | ERROR | Missing 'temperature' column in row: {'timestamp': '2025-09-07 09:30:00', 'package_id': 'PKG1006', 'status': 'Pending'}
2025-09-07 03:07:09 | ERROR | Missing 'temperature' column in row: {'timestamp': '2025-09-07 09:35:00', 'package_id': 'PKG1007', 'status': 'Cancelled'}
2025-09-07 03:07:09 | ERROR | Missing 'temperature' column in row: {'timestamp': '2025-09-07 09:40:00', 'package_id': 'PKG1008', 'status': 'Pending'}
2025-09-07 03:07:09 | ERROR | Missing 'temperature' column in row: {'timestamp': '2025-09-07 09:45:00', 'package_id': 'PKG1009', 'status': 'In Transit'}
2025-09-07 03:07:09 | ERROR | Missing 'temperature' column in row: {'timestamp': '2025-09-07 09:50:00', 'package_id': 'PKG1010', 'status': 'Pending'}
2025-09-07 03:07:09 | ERROR | Missing 'temperature' column in row: {'timestamp': '2025-09-07 09:55:00', 'package_id': 'PKG1011', 'status': 'Cancelled'}
2025-09-07 03:07:09 | ERROR | Missing 'temperature' column in row: {'timestamp': '2025-09-07 10:00:00', 'package_id': 'PKG1012', 'status': 'In Transit'}
2025-09-07 03:07:09 | ERROR | Missing 'temperature' column in row: {'timestamp': '2025-09-07 10:05:00', 'package_id': 'PKG1013', 'status': 'Cancelled'}
2025-09-07 03:07:09 | ERROR | Missing 'temperature' column in row: {'timestamp': '2025-09-07 10:10:00', 'package_id': 'PKG1014', 'status': 'Shipped'}
2025-09-07 03:07:09 | ERROR | Missing 'temperature' column in row: {'timestamp': '2025-09-07 10:15:00', 'package_id': 'PKG1015', 'status': 'Shipped'}
2025-09-07 03:07:09 | ERROR | Missing 'temperature' column in row: {'timestamp': '2025-09-07 10:20:00', 'package_id': 'PKG1016', 'status': 'In Transit'}
2025-09-07 03:07:09 | ERROR | Missing 'temperature' column in row: {'timestamp': '2025-09-07 10:25:00', 'package_id': 'PKG1017', 'status': 'Cancelled'}
2025-09-07 03:07:09 | ERROR | Missing 'temperature' column in row: {'timestamp': '2025-09-07 10:30:00', 'package_id': 'PKG1018', 'status': 'Shipped'}
2025-09-07 03:07:09 | ERROR | Missing 'temperature' column in row: {'timestamp': '2025-09-07 10:35:00', 'package_id': 'PKG1019', 'status': 'Shipped'}
2025-09-07 03:07:09 | ERROR | Missing 'temperature' column in row: {'timestamp': '2025-09-07 10:40:00', 'package_id': 'PKG1020', 'status': 'Cancelled'}
2025-09-07 03:07:09 | ERROR | Missing 'temperature' column in row: {'timestamp': '2025-09-07 10:45:00', 'package_id': 'PKG1021', 'status': 'Cancelled'}
2025-09-07 03:07:09 | ERROR | Missing 'temperature' column in row: {'timestamp': '2025-09-07 10:50:00', 'package_id': 'PKG1022', 'status': 'Shipped'}
2025-09-07 03:07:09 | ERROR | Missing 'temperature' column in row: {'timestamp': '2025-09-07 10:55:00', 'package_id': 'PKG1023', 'status': 'Cancelled'}
2025-09-07 03:07:09 | ERROR | Missing 'temperature' column in row: {'timestamp': '2025-09-07 11:00:00', 'package_id': 'PKG1024', 'status': 'Pending'}
2025-09-07 03:07:09 | ERROR | Missing 'temperature' column in row: {'timestamp': '2025-09-07 11:05:00', 'package_id': 'PKG1025', 'status': 'Pending'}
2025-09-07 03:07:09 | ERROR | Missing 'temperature' column in row: {'timestamp': '2025-09-07 11:10:00', 'package_id': 'PKG1026', 'status': 'Pending'}
2025-09-07 03:07:09 | ERROR | Missing 'temperature' column in row: {'timestamp': '2025-09-07 11:15:00', 'package_id': 'PKG1027', 'status': 'Pending'}
2025-09-07 03:07:09 | ERROR | Missing 'temperature' column in row: {'timestamp': '2025-09-07 11:20:00', 'package_id': 'PKG1028', 'status': 'Pending'}
2025-09-07 03:07:09 | ERROR | Missing 'temperature' column in row: {'timestamp': '2025-09-07 11:25:00', 'package_id': 'PKG1029', 'status': 'Cancelled'}
2025-09-07 03:07:09 | ERROR | Missing 'temperature' column in row: {'timestamp': '2025-09-07 11:30:00', 'package_id': 'PKG1030', 'status': 'Shipped'}
2025-09-07 03:07:09 | ERROR | Missing 'temperature' column in row: {'timestamp': '2025-09-07 11:35:00', 'package_id': 'PKG1031', 'status': 'Delivered'}
2025-09-07 03:07:09 | ERROR | Missing 'temperature' column in row: {'timestamp': '2025-09-07 11:40:00', 'package_id': 'PKG1032', 'status': 'Delivered'}
2025-09-07 03:07:09 | ERROR | Missing 'temperature' column in row: {'timestamp': '2025-09-07 11:45:00', 'package_id': 'PKG1033', 'status': 'Shipped'}
2025-09-07 03:07:09 | ERROR | Missing 'temperature' column in row: {'timestamp': '2025-09-07 11:50:00', 'package_id': 'PKG1034', 'status': 'Pending'}
2025-09-07 03:07:09 | ERROR | Missing 'temperature' column in row: {'timestamp': '2025-09-07 11:55:00', 'package_id': 'PKG1035', 'status': 'Delivered'}
2025-09-07 03:07:09 | ERROR | Missing 'temperature' column in row: {'timestamp': '2025-09-07 12:00:00', 'package_id': 'PKG1036', 'status': 'In Transit'}
2025-09-07 03:07:09 | ERROR | Missing 'temperature' column in row: {'timestamp': '2025-09-07 12:05:00', 'package_id': 'PKG1037', 'status': 'Pending'}
2025-09-07 03:07:09 | ERROR | Missing 'temperature' column in row: {'timestamp': '2025-09-07 12:10:00', 'package_id': 'PKG1038', 'status': 'In Transit'}
2025-09-07 03:07:09 | ERROR | Missing 'temperature' column in row: {'timestamp': '2025-09-07 12:15:00', 'package_id': 'PKG1039', 'status': 'Pending'}
2025-09-07 03:07:09 | ERROR | Missing 'temperature' column in row: {'timestamp': '2025-09-07 12:20:00', 'package_id': 'PKG1040', 'status': 'Cancelled'}
2025-09-07 03:07:09 | ERROR | Missing 'temperature' column in row: {'timestamp': '2025-09-07 12:25:00', 'package_id': 'PKG1041', 'status': 'Cancelled'}
2025-09-07 03:07:09 | ERROR | Missing 'temperature' column in row: {'timestamp': '2025-09-07 12:30:00', 'package_id': 'PKG1042', 'status': 'Pending'}
2025-09-07 03:07:09 | ERROR | Missing 'temperature' column in row: {'timestamp': '2025-09-07 12:35:00', 'package_id': 'PKG1043', 'status': 'In Transit'}
2025-09-07 03:07:09 | ERROR | Missing 'temperature' column in row: {'timestamp': '2025-09-07 12:40:00', 'package_id': 'PKG1044', 'status': 'Delivered'}
2025-09-07 03:07:09 | ERROR | Missing 'temperature' column in row: {'timestamp': '2025-09-07 12:45:00', 'package_id': 'PKG1045', 'status': 'Shipped'}
2025-09-07 03:07:09 | ERROR | Missing 'temperature' column in row: {'timestamp': '2025-09-07 12:50:00', 'package_id': 'PKG1046', 'status': 'Pending'}
2025-09-07 03:07:09 | ERROR | Missing 'temperature' column in row: {'timestamp': '2025-09-07 12:55:00', 'package_id': 'PKG1047', 'status': 'Pending'}
2025-09-07 03:07:09 | ERROR | Missing 'temperature' column in row: {'timestamp': '2025-09-07 13:00:00', 'package_id': 'PKG1048', 'status': 'In Transit'}
2025-09-07 03:07:09 | ERROR | Missing 'temperature' column in row: {'timestamp': '2025-09-07 13:05:00', 'package_id': 'PKG1049', 'status': 'Delivered'}
2025-09-07 03:07:09 | ERROR | Missing 'temperature' column in row: {'timestamp': '2025-09-07 13:10:00', 'package_id': 'PKG1050', 'status': 'Cancelled'}
2025-09-07 03:07:09 | ERROR | Missing 'temperature' column in row: {'timestamp': '2025-09-07 13:15:00', 'package_id': 'PKG1051', 'status': 'Delivered'}
2025-09-07 03:07:09 | ERROR | Missing 'temperature' column in row: {'timestamp': '2025-09-07 13:20:00', 'package_id': 'PKG1052', 'status': 'Pending'}
2025-09-07 03:07:09 | ERROR | Missing 'temperature' column in row: {'timestamp': '2025-09-07 13:25:00', 'package_id': 'PKG1053', 'status': 'Shipped'}
2025-09-07 03:07:09 | ERROR | Missing 'temperature' column in row: {'timestamp': '2025-09-07 13:30:00', 'package_id': 'PKG1054', 'status': 'In Transit'}
2025-09-07 03:07:09 | ERROR | Missing 'temperature' column in row: {'timestamp': '2025-09-07 13:35:00', 'package_id': 'PKG1055', 'status': 'Delivered'}
2025-09-07 03:07:09 | ERROR | Missing 'temperature' column in row: {'timestamp': '2025-09-07 13:40:00', 'package_id': 'PKG1056', 'status': 'In Transit'}
2025-09-07 03:07:09 | ERROR | Missing 'temperature' column in row: {'timestamp': '2025-09-07 13:45:00', 'package_id': 'PKG1057', 'status': 'Shipped'}
2025-09-07 03:07:09 | ERROR | Missing 'temperature' column in row: {'timestamp': '2025-09-07 13:50:00', 'package_id': 'PKG1058', 'status': 'Cancelled'}
2025-09-07 03:07:09 | ERROR | Missing 'temperature' column in row: {'timestamp': '2025-09-07 13:55:00', 'package_id': 'PKG1059', 'status': 'Delivered'}
2025-09-07 03:07:09 | ERROR | Missing 'temperature' column in row: {'timestamp': '2025-09-07 14:00:00', 'package_id': 'PKG1060', 'status': 'Delivered'}
2025-09-07 03:07:09 | ERROR | Missing 'temperature' column in row: {'timestamp': '2025-09-07 14:05:00', 'package_id': 'PKG1061', 'status': 'Pending'}
2025-09-07 03:07:09 | ERROR | Missing 'temperature' column in row: {'timestamp': '2025-09-07 14:10:00', 'package_id': 'PKG1062', 'status': 'In Transit'}
2025-09-07 03:07:09 | ERROR | Missing 'temperature' column in row: {'timestamp': '2025-09-07 14:15:00', 'package_id': 'PKG1063', 'status': 'Cancelled'}
2025-09-07 03:07:09 | ERROR | Missing 'temperature' column in row: {'timestamp': '2025-09-07 14:20:00', 'package_id': 'PKG1064', 'status': 'Cancelled'}
2025-09-07 03:07:09 | ERROR | Missing 'temperature' column in row: {'timestamp': '2025-09-07 14:25:00', 'package_id': 'PKG1065', 'status': 'Shipped'}
2025-09-07 03:07:09 | ERROR | Missing 'temperature' column in row: {'timestamp': '2025-09-07 14:30:00', 'package_id': 'PKG1066', 'status': 'Delivered'}
2025-09-07 03:07:09 | ERROR | Missing 'temperature' column in row: {'timestamp': '2025-09-07 14:35:00', 'package_id': 'PKG1067', 'status': 'In Transit'}
2025-09-07 03:07:09 | ERROR | Missing 'temperature' column in row: {'timestamp': '2025-09-07 14:40:00', 'package_id': 'PKG1068', 'status': 'Cancelled'}
2025-09-07 03:07:09 | ERROR | Missing 'temperature' column in row: {'timestamp': '2025-09-07 14:45:00', 'package_id': 'PKG1069', 'status': 'In Transit'}
2025-09-07 03:07:09 | ERROR | Missing 'temperature' column in row: {'timestamp': '2025-09-07 14:50:00', 'package_id': 'PKG1070', 'status': 'Shipped'}
2025-09-07 03:07:09 | ERROR | Missing 'temperature' column in row: {'timestamp': '2025-09-07 14:55:00', 'package_id': 'PKG1071', 'status': 'Shipped'}
2025-09-07 03:07:09 | ERROR | Missing 'temperature' column in row: {'timestamp': '2025-09-07 15:00:00', 'package_id': 'PKG1072', 'status': 'Shipped'}
2025-09-07 03:07:09 | ERROR | Missing 'temperature' column in row: {'timestamp': '2025-09-07 15:05:00', 'package_id': 'PKG1073', 'status': 'Shipped'}
2025-09-07 03:07:09 | ERROR | Missing 'temperature' column in row: {'timestamp': '2025-09-07 15:10:00', 'package_id': 'PKG1074', 'status': 'Shipped'}
2025-09-07 03:07:09 | ERROR | Missing 'temperature' column in row: {'timestamp': '2025-09-07 15:15:00', 'package_id': 'PKG1075', 'status': 'Delivered'}
2025-09-07 03:07:09 | ERROR | Missing 'temperature' column in row: {'timestamp': '2025-09-07 15:20:00', 'package_id': 'PKG1076', 'status': 'Cancelled'}
2025-09-07 03:07:09 | ERROR | Missing 'temperature' column in row: {'timestamp': '2025-09-07 15:25:00', 'package_id': 'PKG1077', 'status': 'Delivered'}
2025-09-07 03:07:09 | ERROR | Missing 'temperature' column in row: {'timestamp': '2025-09-07 15:30:00', 'package_id': 'PKG1078', 'status': 'Shipped'}
2025-09-07 03:07:09 | ERROR | Missing 'temperature' column in row: {'timestamp': '2025-09-07 15:35:00', 'package_id': 'PKG1079', 'status': 'Shipped'}
2025-09-07 03:07:09 | ERROR | Missing 'temperature' column in row: {'timestamp': '2025-09-07 15:40:00', 'package_id': 'PKG1080', 'status': 'Cancelled'}
2025-09-07 03:07:09 | ERROR | Missing 'temperature' column in row: {'timestamp': '2025-09-07 15:45:00', 'package_id': 'PKG1081', 'status': 'Cancelled'}
2025-09-07 03:07:09 | ERROR | Missing 'temperature' column in row: {'timestamp': '2025-09-07 15:50:00', 'package_id': 'PKG1082', 'status': 'Pending'}
2025-09-07 03:07:09 | ERROR | Missing 'temperature' column in row: {'timestamp': '2025-09-07 15:55:00', 'package_id': 'PKG1083', 'status': 'Delivered'}
2025-09-07 03:07:09 | ERROR | Missing 'temperature' column in row: {'timestamp': '2025-09-07 16:00:00', 'package_id': 'PKG1084', 'status': 'In Transit'}
